  Collision.cpp
  command.cpp
  Enemy.cpp
  entity.cpp
  gameLoop.cpp
  IdleState.cpp
  InputComponent.cpp
  main.cpp
  mapSection.cpp
  MoveToPlayerState.cpp
  objectPool.cpp
  player.cpp
  SoundManager.cpp
  spacialPartition.cpp
  StateMachine.cpp
  textureManager.cpp
  Vector2.cpp
  world.cpp
  Generating Code...
C:\Users\Ed\Documents\GitHub\HybianTale\HybianTale\Vector2.cpp(91): warning C4172: returning address of local variable or temporary: left
C:\Users\Ed\Documents\GitHub\HybianTale\HybianTale\Vector2.cpp(95): warning C4172: returning address of local variable or temporary: left
C:\Users\Ed\Documents\GitHub\HybianTale\HybianTale\Vector2.cpp(99): warning C4172: returning address of local variable or temporary: left
C:\Users\Ed\Documents\GitHub\HybianTale\HybianTale\Vector2.cpp(108): warning C4172: returning address of local variable or temporary: left
C:\Users\Ed\Documents\GitHub\HybianTale\HybianTale\Vector2.cpp(76): warning C4717: 'Vector2::operator!=': recursive on all control paths, function will cause runtime stack overflow
C:\Users\Ed\Documents\GitHub\HybianTale\HybianTale\Vector2.cpp(103): warning C4172: returning address of local variable or temporary: left
C:\Users\Ed\Documents\GitHub\HybianTale\HybianTale\Vector2.cpp(113): warning C4172: returning address of local variable or temporary: left
C:\Users\Ed\Documents\GitHub\HybianTale\HybianTale\Vector2.cpp(71): warning C4717: 'Vector2::operator==': recursive on all control paths, function will cause runtime stack overflow
  HybianTale.vcxproj -> C:\Users\Ed\Documents\GitHub\HybianTale\HybianTale\x64\Release\HybianTale.exe
