c:\users\oliver\documents\github\hybiantale\hybiantale\x64\debug\vc141.pdb
c:\users\oliver\documents\github\hybiantale\hybiantale\x64\debug\vc141.idb
c:\users\oliver\documents\github\hybiantale\hybiantale\x64\debug\collision.obj
c:\users\oliver\documents\github\hybiantale\hybiantale\x64\debug\command.obj
c:\users\oliver\documents\github\hybiantale\hybiantale\x64\debug\enemy.obj
c:\users\oliver\documents\github\hybiantale\hybiantale\x64\debug\entity.obj
c:\users\oliver\documents\github\hybiantale\hybiantale\x64\debug\gameloop.obj
c:\users\oliver\documents\github\hybiantale\hybiantale\x64\debug\idlestate.obj
c:\users\oliver\documents\github\hybiantale\hybiantale\x64\debug\inputcomponent.obj
c:\users\oliver\documents\github\hybiantale\hybiantale\x64\debug\main.obj
c:\users\oliver\documents\github\hybiantale\hybiantale\x64\debug\movetoplayerstate.obj
c:\users\oliver\documents\github\hybiantale\hybiantale\x64\debug\objectpool.obj
c:\users\oliver\documents\github\hybiantale\hybiantale\x64\debug\player.obj
c:\users\oliver\documents\github\hybiantale\hybiantale\x64\debug\spacialpartition.obj
c:\users\oliver\documents\github\hybiantale\hybiantale\x64\debug\statemachine.obj
c:\users\oliver\documents\github\hybiantale\hybiantale\x64\debug\texturemanager.obj
c:\users\oliver\documents\github\hybiantale\hybiantale\x64\debug\vector2.obj
c:\users\oliver\documents\github\hybiantale\hybiantale\x64\debug\world.obj
c:\users\oliver\documents\github\hybiantale\hybiantale\x64\debug\mapsection.obj
c:\users\oliver\documents\github\hybiantale\hybiantale\x64\debug\hybiantale.exe
c:\users\oliver\documents\github\hybiantale\hybiantale\x64\debug\hybiantale.ilk
c:\users\oliver\documents\github\hybiantale\hybiantale\x64\debug\hybiantale.pdb
c:\users\oliver\documents\github\hybiantale\hybiantale\x64\debug\grid.obj
c:\users\oliver\documents\github\hybiantale\hybiantale\x64\debug\input.obj
c:\users\oliver\documents\github\hybiantale\hybiantale\x64\debug\physics.obj
c:\users\oliver\documents\github\hybiantale\hybiantale\x64\debug\enemy.obj.enc
c:\users\oliver\documents\github\hybiantale\hybiantale\x64\debug\entity.obj.enc
c:\users\oliver\documents\github\hybiantale\hybiantale\x64\debug\gameloop.obj.enc
c:\users\oliver\documents\github\hybiantale\hybiantale\x64\debug\input.obj.enc
c:\users\oliver\documents\github\hybiantale\hybiantale\x64\debug\main.obj.enc
c:\users\oliver\documents\github\hybiantale\hybiantale\x64\debug\objectpool.obj.enc
c:\users\oliver\documents\github\hybiantale\hybiantale\x64\debug\physics.obj.enc
c:\users\oliver\documents\github\hybiantale\hybiantale\x64\debug\player.obj.enc
c:\users\oliver\documents\github\hybiantale\hybiantale\x64\debug\spacialpartition.obj.enc
c:\users\oliver\documents\github\hybiantale\hybiantale\x64\debug\world.obj.enc
c:\users\oliver\documents\github\hybiantale\hybiantale\x64\debug\vc142.idb
c:\users\oliver\documents\github\hybiantale\hybiantale\x64\debug\vc142.pdb
c:\users\oliver\documents\github\hybiantale\hybiantale\x64\debug\hybiantale.tlog\cl.command.1.tlog
c:\users\oliver\documents\github\hybiantale\hybiantale\x64\debug\hybiantale.tlog\cl.read.1.tlog
c:\users\oliver\documents\github\hybiantale\hybiantale\x64\debug\hybiantale.tlog\cl.write.1.tlog
c:\users\oliver\documents\github\hybiantale\hybiantale\x64\debug\hybiantale.tlog\link.command.1.tlog
c:\users\oliver\documents\github\hybiantale\hybiantale\x64\debug\hybiantale.tlog\link.read.1.tlog
c:\users\oliver\documents\github\hybiantale\hybiantale\x64\debug\hybiantale.tlog\link.write.1.tlog
